<?xml version="1.0" encoding="UTF-8"?>
<coverage generated="1747932056351" clover="3.2.0">
  <project timestamp="1747932056351" name="All files">
    <metrics statements="18" coveredstatements="18" conditionals="14" coveredconditionals="11" methods="3" coveredmethods="3" elements="35" coveredelements="32" complexity="0" loc="18" ncloc="18" packages="1" files="1" classes="1"/>
    <file name="productServices.ts" path="/Users/shubhsingh/Downloads/VSCode/backend/src/services/productServices.ts">
      <metrics statements="18" coveredstatements="18" conditionals="14" coveredconditionals="11" methods="3" coveredmethods="3"/>
      <line num="1" count="1" type="stmt"/>
      <line num="2" count="1" type="stmt"/>
      <line num="4" count="1" type="stmt"/>
      <line num="5" count="1" type="stmt"/>
      <line num="7" count="1" type="stmt"/>
      <line num="8" count="8" type="cond" truecount="1" falsecount="1"/>
      <line num="10" count="8" type="cond" truecount="1" falsecount="0"/>
      <line num="11" count="1" type="stmt"/>
      <line num="14" count="7" type="stmt"/>
      <line num="16" count="700" type="cond" truecount="1" falsecount="1"/>
      <line num="17" count="700" type="cond" truecount="2" falsecount="0"/>
      <line num="18" count="700" type="stmt"/>
      <line num="20" count="700" type="cond" truecount="2" falsecount="0"/>
      <line num="21" count="676" type="cond" truecount="2" falsecount="0"/>
      <line num="22" count="658" type="cond" truecount="0" falsecount="1"/>
      <line num="24" count="700" type="cond" truecount="2" falsecount="0"/>
      <line num="27" count="36" type="stmt"/>
      <line num="29" count="7" type="stmt"/>
    </file>
  </project>
</coverage>
