{"/Users/shubhsingh/Downloads/VSCode/backend/src/services/productServices.ts": {"path":"/Users/shubhsingh/Downloads/VSCode/backend/src/services/productServices.ts","statementMap":{"0":{"start":{"line":7,"column":0},"end":{"line":7,"column":16}},"1":{"start":{"line":1,"column":0},"end":{"line":1,"column":20}},"2":{"start":{"line":2,"column":0},"end":{"line":2,"column":24}},"3":{"start":{"line":4,"column":18},"end":{"line":4,"column":63}},"4":{"start":{"line":5,"column":17},"end":{"line":5,"column":64}},"5":{"start":{"line":8,"column":12},"end":{"line":8,"column":66}},"6":{"start":{"line":10,"column":2},"end":{"line":12,"column":3}},"7":{"start":{"line":11,"column":4},"end":{"line":11,"column":14}},"8":{"start":{"line":14,"column":17},"end":{"line":27,"column":48}},"9":{"start":{"line":16,"column":20},"end":{"line":16,"column":90}},"10":{"start":{"line":17,"column":20},"end":{"line":17,"column":90}},"11":{"start":{"line":18,"column":18},"end":{"line":18,"column":19}},"12":{"start":{"line":20,"column":6},"end":{"line":22,"column":44}},"13":{"start":{"line":20,"column":31},"end":{"line":20,"column":41}},"14":{"start":{"line":21,"column":11},"end":{"line":22,"column":44}},"15":{"start":{"line":21,"column":34},"end":{"line":21,"column":44}},"16":{"start":{"line":22,"column":11},"end":{"line":22,"column":44}},"17":{"start":{"line":22,"column":34},"end":{"line":22,"column":44}},"18":{"start":{"line":24,"column":6},"end":{"line":24,"column":54}},"19":{"start":{"line":27,"column":30},"end":{"line":27,"column":47}},"20":{"start":{"line":29,"column":2},"end":{"line":29,"column":42}}},"fnMap":{"0":{"name":"searchProducts","decl":{"start":{"line":7,"column":16},"end":{"line":7,"column":30}},"loc":{"start":{"line":7,"column":73},"end":{"line":30,"column":1}}},"1":{"name":"(anonymous_2)","decl":{"start":{"line":15,"column":9},"end":{"line":15,"column":10}},"loc":{"start":{"line":15,"column":26},"end":{"line":25,"column":5}}},"2":{"name":"(anonymous_3)","decl":{"start":{"line":27,"column":10},"end":{"line":27,"column":11}},"loc":{"start":{"line":27,"column":30},"end":{"line":27,"column":47}}}},"branchMap":{"0":{"loc":{"start":{"line":8,"column":13},"end":{"line":8,"column":51}},"type":"cond-expr","locations":[{"start":{"line":8,"column":41},"end":{"line":8,"column":46}},{"start":{"line":8,"column":49},"end":{"line":8,"column":51}}]},"1":{"loc":{"start":{"line":10,"column":2},"end":{"line":12,"column":3}},"type":"if","locations":[{"start":{"line":10,"column":2},"end":{"line":12,"column":3}}]},"2":{"loc":{"start":{"line":16,"column":21},"end":{"line":16,"column":75}},"type":"cond-expr","locations":[{"start":{"line":16,"column":57},"end":{"line":16,"column":70}},{"start":{"line":16,"column":73},"end":{"line":16,"column":75}}]},"3":{"loc":{"start":{"line":17,"column":21},"end":{"line":17,"column":75}},"type":"cond-expr","locations":[{"start":{"line":17,"column":57},"end":{"line":17,"column":70}},{"start":{"line":17,"column":73},"end":{"line":17,"column":75}}]},"4":{"loc":{"start":{"line":20,"column":6},"end":{"line":22,"column":44}},"type":"if","locations":[{"start":{"line":20,"column":6},"end":{"line":22,"column":44}},{"start":{"line":21,"column":11},"end":{"line":22,"column":44}}]},"5":{"loc":{"start":{"line":21,"column":11},"end":{"line":22,"column":44}},"type":"if","locations":[{"start":{"line":21,"column":11},"end":{"line":22,"column":44}},{"start":{"line":22,"column":11},"end":{"line":22,"column":44}}]},"6":{"loc":{"start":{"line":22,"column":11},"end":{"line":22,"column":44}},"type":"if","locations":[{"start":{"line":22,"column":11},"end":{"line":22,"column":44}}]},"7":{"loc":{"start":{"line":24,"column":13},"end":{"line":24,"column":53}},"type":"cond-expr","locations":[{"start":{"line":24,"column":24},"end":{"line":24,"column":47}},{"start":{"line":24,"column":49},"end":{"line":24,"column":53}}]}},"s":{"0":1,"1":1,"2":1,"3":1,"4":1,"5":8,"6":8,"7":1,"8":7,"9":700,"10":700,"11":700,"12":700,"13":24,"14":676,"15":18,"16":658,"17":0,"18":700,"19":36,"20":7},"f":{"0":8,"1":700,"2":36},"b":{"0":[8,0],"1":[1],"2":[700,0],"3":[266,434],"4":[24,676],"5":[18,658],"6":[0],"7":[42,658]}}
}
