TN:
SF:src/services/productServices.ts
FN:7,searchProducts
FN:15,(anonymous_2)
FN:27,(anonymous_3)
FNF:3
FNH:3
FNDA:8,searchProducts
FNDA:700,(anonymous_2)
FNDA:36,(anonymous_3)
DA:1,1
DA:2,1
DA:4,1
DA:5,1
DA:7,1
DA:8,8
DA:10,8
DA:11,1
DA:14,7
DA:16,700
DA:17,700
DA:18,700
DA:20,700
DA:21,676
DA:22,658
DA:24,700
DA:27,36
DA:29,7
LF:18
LH:18
BRDA:8,0,0,8
BRDA:8,0,1,0
BRDA:10,1,0,1
BRDA:16,2,0,700
BRDA:16,2,1,0
BRDA:17,3,0,266
BRDA:17,3,1,434
BRDA:20,4,0,24
BRDA:20,4,1,676
BRDA:21,5,0,18
BRDA:21,5,1,658
BRDA:22,6,0,0
BRDA:24,7,0,42
BRDA:24,7,1,658
BRF:14
BRH:11
end_of_record
